#
# There is insufficient memory for the Java Runtime Environment to continue.
# Native memory allocation (mmap) failed to map 266338304 bytes. Error detail: G1 virtual space
# Possible reasons:
#   The system is out of physical RAM or swap space
#   This process is running with CompressedOops enabled, and the Java Heap may be blocking the growth of the native heap
# Possible solutions:
#   Reduce memory load on the system
#   Increase physical memory or swap space
#   Check if swap backing store is full
#   Decrease Java heap size (-Xmx/-Xms)
#   Decrease number of Java threads
#   Decrease Java thread stack sizes (-Xss)
#   Set larger code cache with -XX:ReservedCodeCacheSize=
#   JVM is running with Zero Based Compressed Oops mode in which the Java heap is
#     placed in the first 32GB address space. The Java Heap base address is the
#     maximum limit for the native heap growth. Please use -XX:HeapBaseMinAddress
#     to set the Java Heap base and to place the Java Heap above 32GB virtual address.
# This output file may be truncated or incomplete.
#
#  Out of Memory Error (os_windows.cpp:3898), pid=6748, tid=12208
#
# JRE version:  (21.0.6) (build )
# Java VM: OpenJDK 64-Bit Server VM (21.0.6+-13368085-b895.109, mixed mode, sharing, tiered, compressed oops, compressed class ptrs, g1 gc, windows-amd64)
# No core dump will be written. Minidumps are not enabled by default on client versions of Windows
#

---------------  S U M M A R Y ------------

Command Line: org.jetbrains.kotlin.cli.jvm.K2JVMCompiler @C:\Users\DELL\Downloads\CP213-LearnAndroid\Lab\app\build\20260127_1371904284431309228.compiler.options

Host: Intel(R) Core(TM) i5-8500 CPU @ 3.00GHz, 6 cores, 15G,  Windows 11 , 64 bit Build 26100 (10.0.26100.7623)
Time: Tue Jan 27 15:36:57 2026 SE Asia Standard Time elapsed time: 0.036016 seconds (0d 0h 0m 0s)

---------------  T H R E A D  ---------------

Current thread (0x000001cb7c573530):  JavaThread "Unknown thread" [_thread_in_vm, id=12208, stack(0x000000159b100000,0x000000159b200000) (1024K)]

Stack: [0x000000159b100000,0x000000159b200000]
Native frames: (J=compiled Java code, j=interpreted, Vv=VM code, C=native code)
V  [jvm.dll+0x6d0639]
V  [jvm.dll+0x85eb03]
V  [jvm.dll+0x86105e]
V  [jvm.dll+0x861743]
V  [jvm.dll+0x27e6e6]
V  [jvm.dll+0x6ccfd5]
V  [jvm.dll+0x6c0a8a]
V  [jvm.dll+0x35537b]
V  [jvm.dll+0x35cfd6]
V  [jvm.dll+0x3aef86]
V  [jvm.dll+0x3af258]
V  [jvm.dll+0x327a2c]
V  [jvm.dll+0x32871b]
V  [jvm.dll+0x826549]
V  [jvm.dll+0x3bc158]
V  [jvm.dll+0x80f7f8]
V  [jvm.dll+0x45035e]
V  [jvm.dll+0x451ac1]
C  [jli.dll+0x52ab]
C  [ucrtbase.dll+0x37b0]
C  [KERNEL32.DLL+0x2e8d7]
C  [ntdll.dll+0x8c53c]


---------------  P R O C E S S  ---------------

Threads class SMR info:
_java_thread_list=0x00007ff86ac21848, length=0, elements={
}

Java Threads: ( => current thread )
Total: 0

Other Threads:
  0x000001cb7e97ecb0 WorkerThread "GC Thread#0"                     [id=6472, stack(0x000000159b200000,0x000000159b300000) (1024K)]
  0x000001cb7e990cf0 ConcurrentGCThread "G1 Main Marker"            [id=11244, stack(0x000000159b300000,0x000000159b400000) (1024K)]
  0x000001cb7e992d50 WorkerThread "G1 Conc#0"                       [id=9484, stack(0x000000159b400000,0x000000159b500000) (1024K)]

[error occurred during error reporting (printing all threads), id 0xc0000005, EXCEPTION_ACCESS_VIOLATION (0xc0000005) at pc=0x00007ff86a41aa87]
VM state: not at safepoint (not fully initialized)

VM Mutex/Monitor currently owned by a thread:  ([mutex/lock_event])
[0x00007ff86ac8e4a0] Heap_lock - owner thread: 0x000001cb7c573530

Heap address: 0x0000000702c00000, size: 4052 MB, Compressed Oops mode: Zero based, Oop shift amount: 3

CDS archive(s) mapped at: [0x0000000000000000-0x0000000000000000-0x0000000000000000), size 0, SharedBaseAddress: 0x0000000800000000, ArchiveRelocationMode: 1.
Narrow klass base: 0x0000000000000000, Narrow klass shift: 0, Narrow klass range: 0x0

GC Precious Log:
 CardTable entry size: 512
 Card Set container configuration: InlinePtr #cards 4 size 8 Array Of Cards #cards 16 size 48 Howl #buckets 8 coarsen threshold 3686 Howl Bitmap #cards 512 size 80 coarsen threshold 460 Card regions per heap region 1 cards per card region 4096

Heap:
 garbage-first heap   total 0K, used 0K [0x0000000702c00000, 0x0000000800000000)
  region size 2048K, 0 young (0K), 0 survivors (0K)
 Metaspace       used 0K, committed 0K, reserved 0K
  class space    used 0K, committed 0K, reserved 0K

Heap Regions: E=young(eden), S=young(survivor), O=old, HS=humongous(starts), HC=humongous(continues), CS=collection set, F=free, TAMS=top-at-mark-start, PB=parsable bottom

Card table byte_map: [0x000001cb7f2e0000,0x000001cb7fad0000] _byte_map_base: 0x000001cb7baca000

Marking Bits: (CMBitMap*) 0x000001cb7e9806d0
 Bits: [0x000001cb12090000, 0x000001cb15fe0000)

GC Heap History (0 events):
No events

Dll operation events (1 events):
Event: 0.007 Loaded shared library C:\Program Files\Android\Android Studio\jbr\bin\java.dll

Deoptimization events (0 events):
No events

Classes loaded (0 events):
No events

Classes unloaded (0 events):
No events

Classes redefined (0 events):
No events

Internal exceptions (0 events):
No events

ZGC Phase Switch (0 events):
No events

VM Operations (0 events):
No events

Memory protections (0 events):
No events

Nmethod flushes (0 events):
No events

Events (0 events):
No events


Dynamic libraries:
0x00007ff744460000 - 0x00007ff74446a000 	C:\Program Files\Android\Android Studio\jbr\bin\java.exe
0x00007ff8e00c0000 - 0x00007ff8e0327000 	C:\WINDOWS\SYSTEM32\ntdll.dll
0x00007ff8de660000 - 0x00007ff8de729000 	C:\WINDOWS\System32\KERNEL32.DLL
0x00007ff8dd4b0000 - 0x00007ff8dd89f000 	C:\WINDOWS\System32\KERNELBASE.dll
0x00007ff8dda20000 - 0x00007ff8ddb6b000 	C:\WINDOWS\System32\ucrtbase.dll
0x00007ff8c3bd0000 - 0x00007ff8c3be8000 	C:\Program Files\Android\Android Studio\jbr\bin\jli.dll
0x00007ff8c3b10000 - 0x00007ff8c3b2b000 	C:\Program Files\Android\Android Studio\jbr\bin\VCRUNTIME140.dll
0x00007ff8dfb60000 - 0x00007ff8dfd25000 	C:\WINDOWS\System32\USER32.dll
0x00007ff8cea90000 - 0x00007ff8ced23000 	C:\WINDOWS\WinSxS\amd64_microsoft.windows.common-controls_6595b64144ccf1df_6.0.26100.7309_none_3e05feeae336a044\COMCTL32.dll
0x00007ff8dd8b0000 - 0x00007ff8dd8d7000 	C:\WINDOWS\System32\win32u.dll
0x00007ff8dffd0000 - 0x00007ff8e0079000 	C:\WINDOWS\System32\msvcrt.dll
0x00007ff8de930000 - 0x00007ff8de95b000 	C:\WINDOWS\System32\GDI32.dll
0x00007ff8dd380000 - 0x00007ff8dd4ac000 	C:\WINDOWS\System32\gdi32full.dll
0x00007ff8dd970000 - 0x00007ff8dda13000 	C:\WINDOWS\System32\msvcp_win.dll
0x00007ff8de8d0000 - 0x00007ff8de901000 	C:\WINDOWS\System32\IMM32.DLL
0x00007ff8c6f80000 - 0x00007ff8c6f8c000 	C:\Program Files\Android\Android Studio\jbr\bin\vcruntime140_1.dll
0x00007ff89ef60000 - 0x00007ff89efed000 	C:\Program Files\Android\Android Studio\jbr\bin\msvcp140.dll
0x00007ff86a0e0000 - 0x00007ff86ad6b000 	C:\Program Files\Android\Android Studio\jbr\bin\server\jvm.dll
0x00007ff8de960000 - 0x00007ff8dea14000 	C:\WINDOWS\System32\ADVAPI32.dll
0x00007ff8df210000 - 0x00007ff8df2b6000 	C:\WINDOWS\System32\sechost.dll
0x00007ff8dfdb0000 - 0x00007ff8dfec8000 	C:\WINDOWS\System32\RPCRT4.dll
0x00007ff8dea30000 - 0x00007ff8deaa4000 	C:\WINDOWS\System32\WS2_32.dll
0x00007ff8dd070000 - 0x00007ff8dd0ce000 	C:\WINDOWS\SYSTEM32\POWRPROF.dll
0x00007ff8cee20000 - 0x00007ff8cee55000 	C:\WINDOWS\SYSTEM32\WINMM.dll
0x00007ff8d6880000 - 0x00007ff8d688b000 	C:\WINDOWS\SYSTEM32\VERSION.dll
0x00007ff8dd050000 - 0x00007ff8dd064000 	C:\WINDOWS\SYSTEM32\UMPDC.dll
0x00007ff8dbf80000 - 0x00007ff8dbf9b000 	C:\WINDOWS\SYSTEM32\kernel.appcore.dll
0x00007ff8c3b00000 - 0x00007ff8c3b0a000 	C:\Program Files\Android\Android Studio\jbr\bin\jimage.dll
0x00007ff8cef80000 - 0x00007ff8cf1c2000 	C:\WINDOWS\SYSTEM32\DBGHELP.DLL
0x00007ff8de000000 - 0x00007ff8de386000 	C:\WINDOWS\System32\combase.dll
0x00007ff8df4a0000 - 0x00007ff8df576000 	C:\WINDOWS\System32\OLEAUT32.dll
0x00007ff8b4470000 - 0x00007ff8b44ac000 	C:\WINDOWS\SYSTEM32\dbgcore.DLL
0x00007ff8dd2d0000 - 0x00007ff8dd375000 	C:\WINDOWS\System32\bcryptPrimitives.dll
0x00007ff8c3530000 - 0x00007ff8c3550000 	C:\Program Files\Android\Android Studio\jbr\bin\java.dll

dbghelp: loaded successfully - version: 4.0.5 - missing functions: none
symbol engine: initialized successfully - sym options: 0x614 - pdb path: .;C:\Program Files\Android\Android Studio\jbr\bin;C:\WINDOWS\SYSTEM32;C:\WINDOWS\WinSxS\amd64_microsoft.windows.common-controls_6595b64144ccf1df_6.0.26100.7309_none_3e05feeae336a044;C:\Program Files\Android\Android Studio\jbr\bin\server

VM Arguments:
java_command: org.jetbrains.kotlin.cli.jvm.K2JVMCompiler @C:\Users\DELL\Downloads\CP213-LearnAndroid\Lab\app\build\20260127_1371904284431309228.compiler.options
java_class_path (initial): C:\Users\DELL\.gradle\caches\modules-2\files-2.1\org.jetbrains.kotlin\kotlin-compiler-embeddable\2.0.21\79346ed53db48b18312a472602eb5c057070c54d\kotlin-compiler-embeddable-2.0.21.jar;C:\Users\DELL\.gradle\caches\modules-2\files-2.1\org.jetbrains.kotlin\kotlin-stdlib\2.0.21\618b539767b4899b4660a83006e052b63f1db551\kotlin-stdlib-2.0.21.jar;C:\Users\DELL\.gradle\caches\modules-2\files-2.1\org.jetbrains.kotlin\kotlin-script-runtime\2.0.21\c9b044380ad41f89aa89aa896c2d32a8c0b2129d\kotlin-script-runtime-2.0.21.jar;C:\Users\DELL\.gradle\caches\modules-2\files-2.1\org.jetbrains.kotlin\kotlin-reflect\1.6.10\1cbe9c92c12a94eea200d23c2bbaedaf3daf5132\kotlin-reflect-1.6.10.jar;C:\Users\DELL\.gradle\caches\modules-2\files-2.1\org.jetbrains.kotlin\kotlin-daemon-embeddable\2.0.21\c9e933b23287de9b5a17e2116b4657bb91aea72c\kotlin-daemon-embeddable-2.0.21.jar;C:\Users\DELL\.gradle\caches\modules-2\files-2.1\org.jetbrains.intellij.deps\trove4j\1.0.20200330\3afb14d5f9ceb459d724e907a21145e8ff394f02\trove4j-1.0.20200330.jar;C:\Users\DELL\.gradle\caches\modules-2\files-2.1\org.jetbrains.kotlinx\kotlinx-coroutines-core-jvm\1.6.4\2c997cd1c0ef33f3e751d3831929aeff1390cb30\kotlinx-coroutines-core-jvm-1.6.4.jar;C:\Users\DELL\.gradle\caches\modules-2\files-2.1\org.jetbrains\annotations\13.0\919f0dfe192fb4e063e7dacadee7f8bb9a2672a9\annotations-13.0.jar
Launcher Type: SUN_STANDARD

[Global flags]
     intx CICompilerCount                          = 3                                         {product} {ergonomic}
     uint ConcGCThreads                            = 2                                         {product} {ergonomic}
     uint G1ConcRefinementThreads                  = 6                                         {product} {ergonomic}
   size_t G1HeapRegionSize                         = 2097152                                   {product} {ergonomic}
    uintx GCDrainStackTargetSize                   = 64                                        {product} {ergonomic}
   size_t InitialHeapSize                          = 266338304                                 {product} {ergonomic}
   size_t MarkStackSize                            = 4194304                                   {product} {ergonomic}
   size_t MaxHeapSize                              = 4248829952                                {product} {ergonomic}
   size_t MinHeapDeltaBytes                        = 2097152                                   {product} {ergonomic}
   size_t MinHeapSize                              = 8388608                                   {product} {ergonomic}
    uintx NonNMethodCodeHeapSize                   = 5832780                                {pd product} {ergonomic}
    uintx NonProfiledCodeHeapSize                  = 122912730                              {pd product} {ergonomic}
    uintx ProfiledCodeHeapSize                     = 122912730                              {pd product} {ergonomic}
    uintx ReservedCodeCacheSize                    = 251658240                              {pd product} {ergonomic}
     bool SegmentedCodeCache                       = true                                      {product} {ergonomic}
   size_t SoftMaxHeapSize                          = 4248829952                             {manageable} {ergonomic}
     bool UseCompressedOops                        = true                           {product lp64_product} {ergonomic}
     bool UseG1GC                                  = true                                      {product} {ergonomic}
     bool UseLargePagesIndividualAllocation        = false                                  {pd product} {ergonomic}

Logging:
Log output configuration:
 #0: stdout all=warning uptime,level,tags foldmultilines=false
 #1: stderr all=off uptime,level,tags foldmultilines=false

Environment Variables:
PATH=C:\Program Files\Common Files\Oracle\Java\javapath;C:\Program Files (x86)\VMware\VMware Workstation\bin\;C:\WINDOWS\system32;C:\WINDOWS;C:\WINDOWS\System32\Wbem;C:\WINDOWS\System32\WindowsPowerShell\v1.0\;C:\WINDOWS\System32\OpenSSH\;C:\Program Files\dotnet\;C:\Program Files\Git\cmd;C:\Program Files\Microsoft SQL Server\150\Tools\Binn\;C:\Program Files\Microsoft SQL Server\Client SDK\ODBC\170\Tools\Binn\;C:\Program Files\nodejs\;C:\ProgramData\chocolatey\bin;C:\Program Files\Docker\Docker\resources\bin;C:\Program Files (x86)\AOMEI Backupper;C:\Program Files (x86)\Windows Kits\10\Windows Performance Toolkit\;C:\Users\DELL\AppData\Local\Programs\Python\Python313\Scripts\;C:\Users\DELL\AppData\Local\Programs\Python\Python313\;C:\Users\DELL\AppData\Local\Microsoft\WindowsApps;C:\Users\DELL\AppData\Local\Programs\Microsoft VS Code\bin;C:\Users\DELL\AppData\Roaming\npm;C:\Program Files\JetBrains\IntelliJ IDEA Community Edition 2025.1.1.1\bin;;C:\Users\DELL\AppData\Local\GitHubDesktop\bin;C:\Users\DELL\.dotnet\tools
USERNAME=DELL
OS=Windows_NT
PROCESSOR_IDENTIFIER=Intel64 Family 6 Model 158 Stepping 10, GenuineIntel
TMP=C:\Users\DELL\AppData\Local\Temp
TEMP=C:\Users\DELL\AppData\Local\Temp




Periodic native trim disabled

JNI global refs:
JNI global refs: 0, weak refs: 0

JNI global refs memory usage: 0, weak refs: 0

Process memory usage:
Resident Set Size: 12884K (0% of 16596216K total physical memory with 3326508K free physical memory)

OOME stack traces (most recent first):
Classloader memory used:

---------------  S Y S T E M  ---------------

OS:
 Windows 11 , 64 bit Build 26100 (10.0.26100.7623)
OS uptime: 1 days 4:25 hours
Hyper-V role detected

CPU: total 6 (initial active 6) (6 cores per cpu, 1 threads per core) family 6 model 158 stepping 10 microcode 0xf4, cx8, cmov, fxsr, mmx, 3dnowpref, sse, sse2, sse3, ssse3, sse4.1, sse4.2, popcnt, lzcnt, tsc, tscinvbit, avx, avx2, aes, erms, clmul, bmi1, bmi2, rtm, adx, fma, vzeroupper, clflush, clflushopt, hv, rdtscp, f16c
Processor Information for the first 6 processors :
  Max Mhz: 3000, Current Mhz: 3000, Mhz Limit: 3000

Memory: 4k page, system-wide physical 16207M (3248M free)
TotalPageFile size 47337M (AvailPageFile size 23M)
current process WorkingSet (physical memory assigned to process): 12M, peak: 12M
current process commit charge ("private bytes"): 56M, peak: 310M

vm_info: OpenJDK 64-Bit Server VM (21.0.6+-13368085-b895.109) for windows-amd64 JRE (21.0.6+-13368085-b895.109), built on 2025-04-16T17:01:31Z by "builder" with MS VC++ 16.10 / 16.11 (VS2019)

END.
